  speechManager.cpp
D:\学习\c++\C++\演讲比赛流程管理系统\speechManager.cpp(304,31): warning C4267: “=”: 从“size_t”转换到“int”，可能丢失数据
D:\下载\VS2019\vs2019\安装包\VC\Tools\MSVC\14.28.29910\include\numeric(35,26): warning C4244: “=”: 从“double”转换到“_Ty”，可能丢失数据
          with
          [
              _Ty=float
          ]
D:\下载\VS2019\vs2019\安装包\VC\Tools\MSVC\14.28.29910\include\numeric(44): message : 查看对正在编译的函数 模板 实例化“_Ty std::accumulate<_InIt,_Ty,std::plus<void>>(const _InIt,const _InIt,_Ty,_Fn)”的引用
          with
          [
              _Ty=float,
              _InIt=std::_Deque_iterator<std::_Deque_val<std::_Deque_simple_types<double>>>,
              _Fn=std::plus<void>
          ]
D:\学习\c++\C++\演讲比赛流程管理系统\speechManager.cpp(179): message : 查看对正在编译的函数 模板 实例化“_Ty std::accumulate<std::_Deque_iterator<std::_Deque_val<std::_Deque_simple_types<double>>>,float>(const _InIt,const _InIt,_Ty)”的引用
          with
          [
              _Ty=float,
              _InIt=std::_Deque_iterator<std::_Deque_val<std::_Deque_simple_types<double>>>
          ]
  speechManager.h
  演讲比赛流程管理系统.cpp
  正在生成代码...
x64\Debug\speechManager.obj : warning LNK4042: 对象被多次指定；已忽略多余的指定
  演讲比赛流程管理系统.vcxproj -> D:\学习\c++\C++\x64\Debug\演讲比赛流程管理系统.exe
